<?xml version="1.0" encoding="UTF-8"?>
<!-- Generated by org.testng.reporters.JUnitXMLReporter -->
<testsuite ignored="3" hostname="DESKTOP-KF60RUM" failures="0" tests="3" name="Test" time="76.197" errors="0" timestamp="2022-08-18T23:15:45 IST">
  <testcase classname="com.actitime.testscript.ProjectModule" name="createProject" time="0.009"/>
  <testcase classname="com.actitime.testscript.CustomerModule" name="createCustomer" time="0.003"/>
  <testcase classname="com.actitime.testscript.TaskModule" name="createTask" time="0.005"/>
  <testcase classname="com.actitime.testscript.TaskModule" name="deleteTask" time="0.0">
    <ignored/>
  </testcase> <!-- deleteTask -->
  <testcase classname="com.actitime.testscript.ProjectModule" name="deleteProject" time="0.0">
    <ignored/>
  </testcase> <!-- deleteProject -->
  <testcase classname="com.actitime.testscript.CustomerModule" name="deleteCustomer" time="0.0">
    <ignored/>
  </testcase> <!-- deleteCustomer -->
</testsuite> <!-- Test -->
